app/build/intermediates/manifest_merge_blame_file/debug/manifest-merger-blame-debug-report.txt
1<?xml version="1.0" encoding="utf-8"?>
2<manifest xmlns:android="http://schemas.android.com/apk/res/android"
3    package="com.zayden.android.task"
4    android:versionCode="1"
5    android:versionName="1.0" >
6
7    <uses-sdk
8        android:minSdkVersion="23"
8-->src\main\AndroidManifest.xml
9        android:targetSdkVersion="29" />
9-->src\main\AndroidManifest.xml
10
11    <uses-permission android:name="android.permission.ACCESS_NETWORK_STATE" />
11-->[com.firebaseui:firebase-ui-auth:6.2.0] AndroidManifest.xml:12:5-79
11-->[com.firebaseui:firebase-ui-auth:6.2.0] AndroidManifest.xml:12:22-76
12    <uses-permission android:name="android.permission.INTERNET" />
12-->[com.firebaseui:firebase-ui-auth:6.2.0] AndroidManifest.xml:13:5-67
12-->[com.firebaseui:firebase-ui-auth:6.2.0] AndroidManifest.xml:13:22-64
13    <uses-permission android:name="android.permission.WAKE_LOCK" /> <!-- Required by older versions of Google Play services to create IID tokens -->
13-->[com.google.android.gms:play-services-measurement-api:17.2.0] AndroidManifest.xml:24:5-68
13-->[com.google.android.gms:play-services-measurement-api:17.2.0] AndroidManifest.xml:24:22-65
14    <uses-permission android:name="com.google.android.c2dm.permission.RECEIVE" />
14-->[com.google.firebase:firebase-iid:19.0.0] AndroidManifest.xml:26:5-82
14-->[com.google.firebase:firebase-iid:19.0.0] AndroidManifest.xml:26:22-79
15    <uses-permission android:name="com.google.android.finsky.permission.BIND_GET_INSTALL_REFERRER_SERVICE" />
15-->[com.google.android.gms:play-services-measurement:17.2.0] AndroidManifest.xml:26:5-110
15-->[com.google.android.gms:play-services-measurement:17.2.0] AndroidManifest.xml:26:22-107
16
17    <application
17-->src\main\AndroidManifest.xml:5:5-21:19
18        android:allowBackup="true"
18-->src\main\AndroidManifest.xml:6:9-35
19        android:appComponentFactory="androidx.core.app.CoreComponentFactory"
19-->[androidx.core:core:1.1.0] AndroidManifest.xml:24:18-86
20        android:debuggable="true"
21        android:icon="@mipmap/ic_launcher"
21-->src\main\AndroidManifest.xml:7:9-43
22        android:label="@string/app_name"
22-->src\main\AndroidManifest.xml:8:9-41
23        android:roundIcon="@mipmap/ic_launcher_round"
23-->src\main\AndroidManifest.xml:9:9-54
24        android:supportsRtl="true"
24-->src\main\AndroidManifest.xml:10:9-35
25        android:testOnly="true"
26        android:theme="@style/AppTheme" >
26-->src\main\AndroidManifest.xml:11:9-40
27        <activity
27-->src\main\AndroidManifest.xml:12:9-13:20
28            android:name="com.zayden.android.task.TodoActivity"
28-->src\main\AndroidManifest.xml:12:19-47
29            android:parentActivityName="com.zayden.android.task.MainActivity" >
29-->src\main\AndroidManifest.xml:12:48-90
30        </activity>
31        <activity android:name="com.zayden.android.task.MainActivity" >
31-->src\main\AndroidManifest.xml:14:9-20:20
31-->src\main\AndroidManifest.xml:14:19-47
32            <intent-filter>
32-->src\main\AndroidManifest.xml:15:13-19:29
33                <action android:name="android.intent.action.MAIN" />
33-->src\main\AndroidManifest.xml:16:17-69
33-->src\main\AndroidManifest.xml:16:25-66
34
35                <category android:name="android.intent.category.LAUNCHER" />
35-->src\main\AndroidManifest.xml:18:17-77
35-->src\main\AndroidManifest.xml:18:27-74
36            </intent-filter>
37        </activity>
38
39        <meta-data
39-->[com.firebaseui:firebase-ui-auth:6.2.0] AndroidManifest.xml:16:9-18:69
40            android:name="com.google.android.gms.version"
40-->[com.firebaseui:firebase-ui-auth:6.2.0] AndroidManifest.xml:17:13-58
41            android:value="@integer/google_play_services_version" />
41-->[com.firebaseui:firebase-ui-auth:6.2.0] AndroidManifest.xml:18:13-66
42        <meta-data
42-->[com.firebaseui:firebase-ui-auth:6.2.0] AndroidManifest.xml:19:9-21:63
43            android:name="com.facebook.sdk.ApplicationId"
43-->[com.firebaseui:firebase-ui-auth:6.2.0] AndroidManifest.xml:20:13-58
44            android:value="@string/facebook_application_id" />
44-->[com.firebaseui:firebase-ui-auth:6.2.0] AndroidManifest.xml:21:13-60
45
46        <activity
46-->[com.firebaseui:firebase-ui-auth:6.2.0] AndroidManifest.xml:23:9-27:61
47            android:name="com.firebase.ui.auth.KickoffActivity"
47-->[com.firebaseui:firebase-ui-auth:6.2.0] AndroidManifest.xml:24:13-64
48            android:exported="false"
48-->[com.firebaseui:firebase-ui-auth:6.2.0] AndroidManifest.xml:25:13-37
49            android:label=""
49-->[com.firebaseui:firebase-ui-auth:6.2.0] AndroidManifest.xml:26:13-29
50            android:theme="@style/FirebaseUI.Transparent" />
50-->[com.firebaseui:firebase-ui-auth:6.2.0] AndroidManifest.xml:27:13-58
51        <activity
51-->[com.firebaseui:firebase-ui-auth:6.2.0] AndroidManifest.xml:28:9-32:61
52            android:name="com.firebase.ui.auth.ui.idp.SingleSignInActivity"
52-->[com.firebaseui:firebase-ui-auth:6.2.0] AndroidManifest.xml:29:13-76
53            android:exported="false"
53-->[com.firebaseui:firebase-ui-auth:6.2.0] AndroidManifest.xml:30:13-37
54            android:label=""
54-->[com.firebaseui:firebase-ui-auth:6.2.0] AndroidManifest.xml:31:13-29
55            android:theme="@style/FirebaseUI.Transparent" />
55-->[com.firebaseui:firebase-ui-auth:6.2.0] AndroidManifest.xml:32:13-58
56        <activity
56-->[com.firebaseui:firebase-ui-auth:6.2.0] AndroidManifest.xml:33:9-37:61
57            android:name="com.firebase.ui.auth.ui.credentials.CredentialSaveActivity"
57-->[com.firebaseui:firebase-ui-auth:6.2.0] AndroidManifest.xml:34:13-86
58            android:exported="false"
58-->[com.firebaseui:firebase-ui-auth:6.2.0] AndroidManifest.xml:35:13-37
59            android:label=""
59-->[com.firebaseui:firebase-ui-auth:6.2.0] AndroidManifest.xml:36:13-29
60            android:theme="@style/FirebaseUI.Transparent" />
60-->[com.firebaseui:firebase-ui-auth:6.2.0] AndroidManifest.xml:37:13-58
61        <activity
61-->[com.firebaseui:firebase-ui-auth:6.2.0] AndroidManifest.xml:38:9-42:58
62            android:name="com.firebase.ui.auth.ui.email.RecoverPasswordActivity"
62-->[com.firebaseui:firebase-ui-auth:6.2.0] AndroidManifest.xml:39:13-81
63            android:exported="false"
63-->[com.firebaseui:firebase-ui-auth:6.2.0] AndroidManifest.xml:40:13-37
64            android:label="@string/fui_title_recover_password_activity"
64-->[com.firebaseui:firebase-ui-auth:6.2.0] AndroidManifest.xml:41:13-72
65            android:windowSoftInputMode="adjustResize" />
65-->[com.firebaseui:firebase-ui-auth:6.2.0] AndroidManifest.xml:42:13-55
66        <activity
66-->[com.firebaseui:firebase-ui-auth:6.2.0] AndroidManifest.xml:43:9-47:58
67            android:name="com.firebase.ui.auth.ui.email.EmailActivity"
67-->[com.firebaseui:firebase-ui-auth:6.2.0] AndroidManifest.xml:44:13-71
68            android:exported="false"
68-->[com.firebaseui:firebase-ui-auth:6.2.0] AndroidManifest.xml:45:13-37
69            android:label="@string/fui_sign_in_default"
69-->[com.firebaseui:firebase-ui-auth:6.2.0] AndroidManifest.xml:46:13-56
70            android:windowSoftInputMode="adjustResize" />
70-->[com.firebaseui:firebase-ui-auth:6.2.0] AndroidManifest.xml:47:13-55
71        <activity
71-->[com.firebaseui:firebase-ui-auth:6.2.0] AndroidManifest.xml:48:9-52:77
72            android:name="com.firebase.ui.auth.ui.phone.PhoneActivity"
72-->[com.firebaseui:firebase-ui-auth:6.2.0] AndroidManifest.xml:49:13-71
73            android:exported="false"
73-->[com.firebaseui:firebase-ui-auth:6.2.0] AndroidManifest.xml:50:13-37
74            android:label="@string/fui_sign_in_with_phone_number"
74-->[com.firebaseui:firebase-ui-auth:6.2.0] AndroidManifest.xml:51:13-66
75            android:windowSoftInputMode="adjustResize|stateAlwaysVisible" />
75-->[com.firebaseui:firebase-ui-auth:6.2.0] AndroidManifest.xml:52:13-74
76        <activity
76-->[com.firebaseui:firebase-ui-auth:6.2.0] AndroidManifest.xml:53:9-57:58
77            android:name="com.firebase.ui.auth.ui.idp.WelcomeBackIdpPrompt"
77-->[com.firebaseui:firebase-ui-auth:6.2.0] AndroidManifest.xml:54:13-76
78            android:exported="false"
78-->[com.firebaseui:firebase-ui-auth:6.2.0] AndroidManifest.xml:55:13-37
79            android:label="@string/fui_title_welcome_back_idp_prompt"
79-->[com.firebaseui:firebase-ui-auth:6.2.0] AndroidManifest.xml:56:13-70
80            android:windowSoftInputMode="adjustResize" />
80-->[com.firebaseui:firebase-ui-auth:6.2.0] AndroidManifest.xml:57:13-55
81        <activity
81-->[com.firebaseui:firebase-ui-auth:6.2.0] AndroidManifest.xml:58:9-62:58
82            android:name="com.firebase.ui.auth.ui.email.WelcomeBackPasswordPrompt"
82-->[com.firebaseui:firebase-ui-auth:6.2.0] AndroidManifest.xml:59:13-83
83            android:exported="false"
83-->[com.firebaseui:firebase-ui-auth:6.2.0] AndroidManifest.xml:60:13-37
84            android:label="@string/fui_title_welcome_back_password_prompt"
84-->[com.firebaseui:firebase-ui-auth:6.2.0] AndroidManifest.xml:61:13-75
85            android:windowSoftInputMode="adjustResize" />
85-->[com.firebaseui:firebase-ui-auth:6.2.0] AndroidManifest.xml:62:13-55
86        <activity
86-->[com.firebaseui:firebase-ui-auth:6.2.0] AndroidManifest.xml:63:9-67:58
87            android:name="com.firebase.ui.auth.ui.email.WelcomeBackEmailLinkPrompt"
87-->[com.firebaseui:firebase-ui-auth:6.2.0] AndroidManifest.xml:64:13-84
88            android:exported="false"
88-->[com.firebaseui:firebase-ui-auth:6.2.0] AndroidManifest.xml:65:13-37
89            android:label="@string/fui_title_welcome_back_password_prompt"
89-->[com.firebaseui:firebase-ui-auth:6.2.0] AndroidManifest.xml:66:13-75
90            android:windowSoftInputMode="adjustResize" />
90-->[com.firebaseui:firebase-ui-auth:6.2.0] AndroidManifest.xml:67:13-55
91        <activity
91-->[com.firebaseui:firebase-ui-auth:6.2.0] AndroidManifest.xml:68:9-73:58
92            android:name="com.firebase.ui.auth.ui.email.EmailLinkCatcherActivity"
92-->[com.firebaseui:firebase-ui-auth:6.2.0] AndroidManifest.xml:69:13-82
93            android:exported="false"
93-->[com.firebaseui:firebase-ui-auth:6.2.0] AndroidManifest.xml:70:13-37
94            android:label=""
94-->[com.firebaseui:firebase-ui-auth:6.2.0] AndroidManifest.xml:71:13-29
95            android:theme="@style/FirebaseUI.Transparent"
95-->[com.firebaseui:firebase-ui-auth:6.2.0] AndroidManifest.xml:72:13-58
96            android:windowSoftInputMode="adjustResize" />
96-->[com.firebaseui:firebase-ui-auth:6.2.0] AndroidManifest.xml:73:13-55
97        <activity
97-->[com.firebaseui:firebase-ui-auth:6.2.0] AndroidManifest.xml:74:9-78:58
98            android:name="com.firebase.ui.auth.ui.email.EmailLinkErrorRecoveryActivity"
98-->[com.firebaseui:firebase-ui-auth:6.2.0] AndroidManifest.xml:75:13-88
99            android:exported="false"
99-->[com.firebaseui:firebase-ui-auth:6.2.0] AndroidManifest.xml:76:13-37
100            android:label="@string/fui_sign_in_default"
100-->[com.firebaseui:firebase-ui-auth:6.2.0] AndroidManifest.xml:77:13-56
101            android:windowSoftInputMode="adjustResize" />
101-->[com.firebaseui:firebase-ui-auth:6.2.0] AndroidManifest.xml:78:13-55
102        <activity
102-->[com.firebaseui:firebase-ui-auth:6.2.0] AndroidManifest.xml:79:9-82:65
103            android:name="com.firebase.ui.auth.ui.idp.AuthMethodPickerActivity"
103-->[com.firebaseui:firebase-ui-auth:6.2.0] AndroidManifest.xml:80:13-80
104            android:exported="false"
104-->[com.firebaseui:firebase-ui-auth:6.2.0] AndroidManifest.xml:81:13-37
105            android:label="@string/fui_default_toolbar_title" />
105-->[com.firebaseui:firebase-ui-auth:6.2.0] AndroidManifest.xml:82:13-62
106        <activity
106-->[com.firebaseui:firebase-ui-auth:6.2.0] AndroidManifest.xml:83:9-87:48
107            android:name="com.facebook.FacebookActivity"
107-->[com.firebaseui:firebase-ui-auth:6.2.0] AndroidManifest.xml:84:13-57
108            android:configChanges="keyboard|keyboardHidden|screenLayout|screenSize|orientation"
108-->[com.firebaseui:firebase-ui-auth:6.2.0] AndroidManifest.xml:85:13-96
109            android:label="@string/app_name" />
109-->[com.firebaseui:firebase-ui-auth:6.2.0] AndroidManifest.xml:86:13-45
110        <activity
110-->[com.firebaseui:firebase-ui-auth:6.2.0] AndroidManifest.xml:88:9-100:20
111            android:name="com.facebook.CustomTabActivity"
111-->[com.firebaseui:firebase-ui-auth:6.2.0] AndroidManifest.xml:89:13-58
112            android:exported="true" >
112-->[com.firebaseui:firebase-ui-auth:6.2.0] AndroidManifest.xml:90:13-36
113            <intent-filter>
113-->[com.firebaseui:firebase-ui-auth:6.2.0] AndroidManifest.xml:92:13-99:29
114                <action android:name="android.intent.action.VIEW" />
114-->[com.firebaseui:firebase-ui-auth:6.2.0] AndroidManifest.xml:93:17-69
114-->[com.firebaseui:firebase-ui-auth:6.2.0] AndroidManifest.xml:93:25-66
115
116                <category android:name="android.intent.category.DEFAULT" />
116-->[com.firebaseui:firebase-ui-auth:6.2.0] AndroidManifest.xml:95:17-76
116-->[com.firebaseui:firebase-ui-auth:6.2.0] AndroidManifest.xml:95:27-73
117                <category android:name="android.intent.category.BROWSABLE" />
117-->[com.firebaseui:firebase-ui-auth:6.2.0] AndroidManifest.xml:96:17-78
117-->[com.firebaseui:firebase-ui-auth:6.2.0] AndroidManifest.xml:96:27-75
118
119                <data android:scheme="@string/facebook_login_protocol_scheme" />
119-->[com.firebaseui:firebase-ui-auth:6.2.0] AndroidManifest.xml:98:17-81
119-->[com.firebaseui:firebase-ui-auth:6.2.0] AndroidManifest.xml:98:23-78
120            </intent-filter>
121        </activity>
122
123        <provider
123-->[com.firebaseui:firebase-ui-auth:6.2.0] AndroidManifest.xml:102:9-106:38
124            android:name="com.firebase.ui.auth.data.client.AuthUiInitProvider"
124-->[com.firebaseui:firebase-ui-auth:6.2.0] AndroidManifest.xml:103:13-79
125            android:authorities="com.zayden.android.task.authuiinitprovider"
125-->[com.firebaseui:firebase-ui-auth:6.2.0] AndroidManifest.xml:104:13-70
126            android:exported="false"
126-->[com.firebaseui:firebase-ui-auth:6.2.0] AndroidManifest.xml:105:13-37
127            android:initOrder="90" />
127-->[com.firebaseui:firebase-ui-auth:6.2.0] AndroidManifest.xml:106:13-35
128
129        <service
129-->[com.google.firebase:firebase-database:19.2.0] AndroidManifest.xml:29:9-35:19
130            android:name="com.google.firebase.components.ComponentDiscoveryService"
130-->[com.google.firebase:firebase-database:19.2.0] AndroidManifest.xml:30:13-84
131            android:directBootAware="true"
131-->[com.google.firebase:firebase-common:19.3.0] AndroidManifest.xml:34:13-43
132            android:exported="false" >
132-->[com.google.firebase:firebase-database:19.2.0] AndroidManifest.xml:31:13-37
133            <meta-data
133-->[com.google.firebase:firebase-database:19.2.0] AndroidManifest.xml:32:13-34:85
134                android:name="com.google.firebase.components:com.google.firebase.database.DatabaseRegistrar"
134-->[com.google.firebase:firebase-database:19.2.0] AndroidManifest.xml:33:17-109
135                android:value="com.google.firebase.components.ComponentRegistrar" />
135-->[com.google.firebase:firebase-database:19.2.0] AndroidManifest.xml:34:17-82
136            <meta-data
136-->[com.google.firebase:firebase-auth:19.2.0] AndroidManifest.xml:36:13-38:85
137                android:name="com.google.firebase.components:com.google.firebase.auth.FirebaseAuthRegistrar"
137-->[com.google.firebase:firebase-auth:19.2.0] AndroidManifest.xml:37:17-109
138                android:value="com.google.firebase.components.ComponentRegistrar" />
138-->[com.google.firebase:firebase-auth:19.2.0] AndroidManifest.xml:38:17-82
139            <meta-data
139-->[com.google.android.gms:play-services-measurement-api:17.2.0] AndroidManifest.xml:30:13-32:85
140                android:name="com.google.firebase.components:com.google.firebase.analytics.connector.internal.AnalyticsConnectorRegistrar"
140-->[com.google.android.gms:play-services-measurement-api:17.2.0] AndroidManifest.xml:31:17-139
141                android:value="com.google.firebase.components.ComponentRegistrar" />
141-->[com.google.android.gms:play-services-measurement-api:17.2.0] AndroidManifest.xml:32:17-82
142            <meta-data
142-->[com.google.firebase:firebase-iid:19.0.0] AndroidManifest.xml:32:13-34:85
143                android:name="com.google.firebase.components:com.google.firebase.iid.Registrar"
143-->[com.google.firebase:firebase-iid:19.0.0] AndroidManifest.xml:33:17-96
144                android:value="com.google.firebase.components.ComponentRegistrar" />
144-->[com.google.firebase:firebase-iid:19.0.0] AndroidManifest.xml:34:17-82
145        </service>
146
147        <activity
147-->[com.google.firebase:firebase-auth:19.2.0] AndroidManifest.xml:24:9-31:50
148            android:name="com.google.firebase.auth.internal.FederatedSignInActivity"
148-->[com.google.firebase:firebase-auth:19.2.0] AndroidManifest.xml:25:13-85
149            android:excludeFromRecents="true"
149-->[com.google.firebase:firebase-auth:19.2.0] AndroidManifest.xml:26:13-46
150            android:exported="true"
150-->[com.google.firebase:firebase-auth:19.2.0] AndroidManifest.xml:27:13-36
151            android:launchMode="singleTask"
151-->[com.google.firebase:firebase-auth:19.2.0] AndroidManifest.xml:28:13-44
152            android:permission="com.google.firebase.auth.api.gms.permission.LAUNCH_FEDERATED_SIGN_IN"
152-->[com.google.firebase:firebase-auth:19.2.0] AndroidManifest.xml:29:13-102
153            android:theme="@android:style/Theme.Translucent.NoTitleBar" />
153-->[com.google.firebase:firebase-auth:19.2.0] AndroidManifest.xml:30:13-72
154        <activity
154-->[com.google.android.gms:play-services-auth:17.0.0] AndroidManifest.xml:23:9-27:75
155            android:name="com.google.android.gms.auth.api.signin.internal.SignInHubActivity"
155-->[com.google.android.gms:play-services-auth:17.0.0] AndroidManifest.xml:24:13-93
156            android:excludeFromRecents="true"
156-->[com.google.android.gms:play-services-auth:17.0.0] AndroidManifest.xml:25:13-46
157            android:exported="false"
157-->[com.google.android.gms:play-services-auth:17.0.0] AndroidManifest.xml:26:13-37
158            android:theme="@android:style/Theme.Translucent.NoTitleBar" />
158-->[com.google.android.gms:play-services-auth:17.0.0] AndroidManifest.xml:27:13-72
159        <!--
160            Service handling Google Sign-In user revocation. For apps that do not integrate with
161            Google Sign-In, this service will never be started.
162        -->
163        <service
163-->[com.google.android.gms:play-services-auth:17.0.0] AndroidManifest.xml:33:9-36:110
164            android:name="com.google.android.gms.auth.api.signin.RevocationBoundService"
164-->[com.google.android.gms:play-services-auth:17.0.0] AndroidManifest.xml:34:13-89
165            android:exported="true"
165-->[com.google.android.gms:play-services-auth:17.0.0] AndroidManifest.xml:35:13-36
166            android:permission="com.google.android.gms.auth.api.signin.permission.REVOCATION_NOTIFICATION" />
166-->[com.google.android.gms:play-services-auth:17.0.0] AndroidManifest.xml:36:13-107
167
168        <receiver
168-->[com.google.firebase:firebase-iid:19.0.0] AndroidManifest.xml:37:9-44:20
169            android:name="com.google.firebase.iid.FirebaseInstanceIdReceiver"
169-->[com.google.firebase:firebase-iid:19.0.0] AndroidManifest.xml:38:13-78
170            android:exported="true"
170-->[com.google.firebase:firebase-iid:19.0.0] AndroidManifest.xml:39:13-36
171            android:permission="com.google.android.c2dm.permission.SEND" >
171-->[com.google.firebase:firebase-iid:19.0.0] AndroidManifest.xml:40:13-73
172            <intent-filter>
172-->[com.google.firebase:firebase-iid:19.0.0] AndroidManifest.xml:41:13-43:29
173                <action android:name="com.google.android.c2dm.intent.RECEIVE" />
173-->[com.google.firebase:firebase-iid:19.0.0] AndroidManifest.xml:42:17-81
173-->[com.google.firebase:firebase-iid:19.0.0] AndroidManifest.xml:42:25-78
174            </intent-filter>
175        </receiver>
176
177        <activity
177-->[com.google.android.gms:play-services-base:17.1.0] AndroidManifest.xml:23:9-26:75
178            android:name="com.google.android.gms.common.api.GoogleApiActivity"
178-->[com.google.android.gms:play-services-base:17.1.0] AndroidManifest.xml:24:13-79
179            android:exported="false"
179-->[com.google.android.gms:play-services-base:17.1.0] AndroidManifest.xml:25:13-37
180            android:theme="@android:style/Theme.Translucent.NoTitleBar" />
180-->[com.google.android.gms:play-services-base:17.1.0] AndroidManifest.xml:26:13-72
181
182        <provider
182-->[com.google.firebase:firebase-common:19.3.0] AndroidManifest.xml:26:9-30:39
183            android:name="com.google.firebase.provider.FirebaseInitProvider"
183-->[com.google.firebase:firebase-common:19.3.0] AndroidManifest.xml:27:13-77
184            android:authorities="com.zayden.android.task.firebaseinitprovider"
184-->[com.google.firebase:firebase-common:19.3.0] AndroidManifest.xml:28:13-72
185            android:exported="false"
185-->[com.google.firebase:firebase-common:19.3.0] AndroidManifest.xml:29:13-37
186            android:initOrder="100" />
186-->[com.google.firebase:firebase-common:19.3.0] AndroidManifest.xml:30:13-36
187
188        <receiver
188-->[com.google.android.gms:play-services-measurement:17.2.0] AndroidManifest.xml:29:9-33:20
189            android:name="com.google.android.gms.measurement.AppMeasurementReceiver"
189-->[com.google.android.gms:play-services-measurement:17.2.0] AndroidManifest.xml:30:13-85
190            android:enabled="true"
190-->[com.google.android.gms:play-services-measurement:17.2.0] AndroidManifest.xml:31:13-35
191            android:exported="false" >
191-->[com.google.android.gms:play-services-measurement:17.2.0] AndroidManifest.xml:32:13-37
192        </receiver>
193        <receiver
193-->[com.google.android.gms:play-services-measurement:17.2.0] AndroidManifest.xml:34:9-42:20
194            android:name="com.google.android.gms.measurement.AppMeasurementInstallReferrerReceiver"
194-->[com.google.android.gms:play-services-measurement:17.2.0] AndroidManifest.xml:35:13-100
195            android:enabled="true"
195-->[com.google.android.gms:play-services-measurement:17.2.0] AndroidManifest.xml:36:13-35
196            android:exported="true"
196-->[com.google.android.gms:play-services-measurement:17.2.0] AndroidManifest.xml:37:13-36
197            android:permission="android.permission.INSTALL_PACKAGES" >
197-->[com.google.android.gms:play-services-measurement:17.2.0] AndroidManifest.xml:38:13-69
198            <intent-filter>
198-->[com.google.android.gms:play-services-measurement:17.2.0] AndroidManifest.xml:39:13-41:29
199                <action android:name="com.android.vending.INSTALL_REFERRER" />
199-->[com.google.android.gms:play-services-measurement:17.2.0] AndroidManifest.xml:40:17-79
199-->[com.google.android.gms:play-services-measurement:17.2.0] AndroidManifest.xml:40:25-76
200            </intent-filter>
201        </receiver>
202
203        <service
203-->[com.google.android.gms:play-services-measurement:17.2.0] AndroidManifest.xml:44:9-47:40
204            android:name="com.google.android.gms.measurement.AppMeasurementService"
204-->[com.google.android.gms:play-services-measurement:17.2.0] AndroidManifest.xml:45:13-84
205            android:enabled="true"
205-->[com.google.android.gms:play-services-measurement:17.2.0] AndroidManifest.xml:46:13-35
206            android:exported="false" />
206-->[com.google.android.gms:play-services-measurement:17.2.0] AndroidManifest.xml:47:13-37
207        <service
207-->[com.google.android.gms:play-services-measurement:17.2.0] AndroidManifest.xml:48:9-52:72
208            android:name="com.google.android.gms.measurement.AppMeasurementJobService"
208-->[com.google.android.gms:play-services-measurement:17.2.0] AndroidManifest.xml:49:13-87
209            android:enabled="true"
209-->[com.google.android.gms:play-services-measurement:17.2.0] AndroidManifest.xml:50:13-35
210            android:exported="false"
210-->[com.google.android.gms:play-services-measurement:17.2.0] AndroidManifest.xml:51:13-37
211            android:permission="android.permission.BIND_JOB_SERVICE" />
211-->[com.google.android.gms:play-services-measurement:17.2.0] AndroidManifest.xml:52:13-69
212
213        <provider
213-->[androidx.lifecycle:lifecycle-process:2.1.0] AndroidManifest.xml:23:9-27:43
214            android:name="androidx.lifecycle.ProcessLifecycleOwnerInitializer"
214-->[androidx.lifecycle:lifecycle-process:2.1.0] AndroidManifest.xml:24:13-79
215            android:authorities="com.zayden.android.task.lifecycle-process"
215-->[androidx.lifecycle:lifecycle-process:2.1.0] AndroidManifest.xml:25:13-69
216            android:exported="false"
216-->[androidx.lifecycle:lifecycle-process:2.1.0] AndroidManifest.xml:26:13-37
217            android:multiprocess="true" />
217-->[androidx.lifecycle:lifecycle-process:2.1.0] AndroidManifest.xml:27:13-40
218    </application>
219
220</manifest>